<?xml version="1.0" encoding="UTF-8"?>
<!-- Generated by org.testng.reporters.JUnitReportReporter -->
<testsuite skipped="0" hostname="LAPTOP-3GEFUBMF" name="am.aca.tests.ui.FirstTest" tests="1" failures="0" timestamp="02 Jun 2018 11:03:04 GMT" time="12.242" errors="0">
  <testcase name="test1" time="12.242" classname="am.aca.tests.ui.FirstTest"/>
</testsuite> <!-- am.aca.tests.ui.FirstTest -->
